<?xml version="1.0" encoding="UTF-8"?>
<!-- Generated by org.testng.reporters.JUnitXMLReporter -->
<testsuite ignored="0" hostname="DESKTOP-NIP6K0T" failures="0" tests="2" name="API Tests" time="3.779" errors="0" timestamp="2026-01-20T11:48:10 IST">
  <testcase classname="com.zetapay.automation.api.tests.UserOnboardingTest" name="testUserOnboarding" time="2.747"/>
  <testcase classname="com.zetapay.automation.api.tests.UserOnboardingTest" name="testGetUser" time="0.062"/>
</testsuite> <!-- API Tests -->
