<?xml version="1.0" encoding="UTF-8"?>
<testng-results ignored="0" total="3" passed="3" failed="0" skipped="0">
  <reporter-output>
  </reporter-output>
  <suite started-at="2026-01-20T11:48:06 IST" name="ZetaPay Automation Suite" finished-at="2026-01-20T11:48:18 IST" duration-ms="11871">
    <groups>
    </groups>
    <test started-at="2026-01-20T11:48:06 IST" name="API Tests" finished-at="2026-01-20T11:48:10 IST" duration-ms="3779">
      <class name="com.zetapay.automation.api.tests.UserOnboardingTest">
        <test-method is-config="true" signature="setup()[pri:0, instance:com.zetapay.automation.api.tests.UserOnboardingTest@528f8f8b]" started-at="2026-01-20T11:48:06 IST" name="setup" finished-at="2026-01-20T11:48:07 IST" duration-ms="809" status="PASS">
          <reporter-output>
          </reporter-output>
        </test-method> <!-- setup -->
        <test-method signature="testUserOnboarding()[pri:1, instance:com.zetapay.automation.api.tests.UserOnboardingTest@528f8f8b]" started-at="2026-01-20T11:48:07 IST" name="testUserOnboarding" finished-at="2026-01-20T11:48:09 IST" duration-ms="2747" status="PASS">
          <reporter-output>
          </reporter-output>
        </test-method> <!-- testUserOnboarding -->
        <test-method signature="testGetUser()[pri:2, instance:com.zetapay.automation.api.tests.UserOnboardingTest@528f8f8b]" started-at="2026-01-20T11:48:10 IST" name="testGetUser" finished-at="2026-01-20T11:48:10 IST" depends-on-methods="com.zetapay.automation.api.tests.UserOnboardingTest.testUserOnboarding" duration-ms="62" status="PASS">
          <reporter-output>
          </reporter-output>
        </test-method> <!-- testGetUser -->
      </class> <!-- com.zetapay.automation.api.tests.UserOnboardingTest -->
    </test> <!-- API Tests -->
    <test started-at="2026-01-20T11:48:10 IST" name="UI Tests" finished-at="2026-01-20T11:48:18 IST" duration-ms="8054">
      <class name="com.zetapay.automation.ui.tests.LoginTest">
        <test-method is-config="true" signature="setup()[pri:0, instance:com.zetapay.automation.ui.tests.LoginTest@11a00961]" started-at="2026-01-20T11:48:10 IST" name="setup" finished-at="2026-01-20T11:48:12 IST" duration-ms="2377" status="PASS">
          <reporter-output>
          </reporter-output>
        </test-method> <!-- setup -->
        <test-method signature="testAdminLogin()[pri:0, instance:com.zetapay.automation.ui.tests.LoginTest@11a00961]" started-at="2026-01-20T11:48:12 IST" name="testAdminLogin" finished-at="2026-01-20T11:48:18 IST" duration-ms="5510" status="PASS">
          <reporter-output>
          </reporter-output>
        </test-method> <!-- testAdminLogin -->
        <test-method is-config="true" signature="tearDown()[pri:0, instance:com.zetapay.automation.ui.tests.LoginTest@11a00961]" started-at="2026-01-20T11:48:18 IST" name="tearDown" finished-at="2026-01-20T11:48:18 IST" duration-ms="155" status="PASS">
          <reporter-output>
          </reporter-output>
        </test-method> <!-- tearDown -->
      </class> <!-- com.zetapay.automation.ui.tests.LoginTest -->
      <class name="com.zetapay.automation.api.tests.UserOnboardingTest">
        <test-method is-config="true" signature="beforeSuite()[pri:0, instance:com.zetapay.automation.api.tests.UserOnboardingTest@528f8f8b]" started-at="2026-01-20T11:48:04 IST" name="beforeSuite" finished-at="2026-01-20T11:48:06 IST" duration-ms="1898" status="PASS">
          <reporter-output>
          </reporter-output>
        </test-method> <!-- beforeSuite -->
        <test-method is-config="true" signature="afterSuite()[pri:0, instance:com.zetapay.automation.api.tests.UserOnboardingTest@528f8f8b]" started-at="2026-01-20T11:48:18 IST" name="afterSuite" finished-at="2026-01-20T11:48:18 IST" duration-ms="0" status="PASS">
          <reporter-output>
          </reporter-output>
        </test-method> <!-- afterSuite -->
      </class> <!-- com.zetapay.automation.api.tests.UserOnboardingTest -->
    </test> <!-- UI Tests -->
  </suite> <!-- ZetaPay Automation Suite -->
</testng-results>
