<?xml version="1.0" encoding="UTF-8"?>
<!-- Generated by org.testng.reporters.JUnitReportReporter -->
<testsuite hostname="DESKTOP-NIP6K0T" failures="0" tests="2" name="com.zetapay.automation.api.tests.UserOnboardingTest" time="2.809" errors="0" timestamp="2026-01-20T11:48:18 IST" skipped="0">
  <testcase classname="com.zetapay.automation.api.tests.UserOnboardingTest" name="testUserOnboarding" time="2.747"/>
  <testcase classname="com.zetapay.automation.api.tests.UserOnboardingTest" name="testGetUser" time="0.062"/>
</testsuite> <!-- com.zetapay.automation.api.tests.UserOnboardingTest -->
